"Start of log file."
"D:/Developer/Projects/GitHub/Lief/Assets/Models/Ship/Rudder.max"
"Starting max loading and fbx conversion"
window = undefined
"Settings units"
"Before fbx export"
"After fbx export"
"Finished max loading and fbx conversion"
"D:/Developer/Projects/GitHub/Lief/Assets/Models/Ship/Sail.max"
"Starting max loading and fbx conversion"
window = undefined
"Settings units"
"Before fbx export"
"After fbx export"
"Finished max loading and fbx conversion"
"D:/Developer/Projects/GitHub/Lief/Assets/Models/Ship/Ship.max"
"Starting max loading and fbx conversion"
window = undefined
"Settings units"
"Before fbx export"
"After fbx export"
"Finished max loading and fbx conversion"
